<?xml version="1.0" encoding="UTF-8"?>
<coverage generated="1597855881853" clover="3.2.0">
  <project timestamp="1597855881853" name="All files">
    <metrics statements="28" coveredstatements="22" conditionals="2" coveredconditionals="1" methods="8" coveredmethods="3" elements="38" coveredelements="26" complexity="0" loc="28" ncloc="28" packages="2" files="2" classes="2"/>
    <package name="db">
      <metrics statements="24" coveredstatements="18" conditionals="2" coveredconditionals="1" methods="8" coveredmethods="3"/>
      <file name="index.js" path="C:\Users\Daniel\Documents\Job\מטלות\Montara\db\index.js">
        <metrics statements="24" coveredstatements="18" conditionals="2" coveredconditionals="1" methods="8" coveredmethods="3"/>
        <line num="1" count="1" type="stmt"/>
        <line num="2" count="1" type="stmt"/>
        <line num="4" count="1" type="stmt"/>
        <line num="5" count="1" type="stmt"/>
        <line num="7" count="1" type="stmt"/>
        <line num="9" count="1" type="stmt"/>
        <line num="21" count="1" type="stmt"/>
        <line num="23" count="1" type="stmt"/>
        <line num="25" count="1" type="stmt"/>
        <line num="26" count="1" type="cond" truecount="1" falsecount="1"/>
        <line num="27" count="0" type="stmt"/>
        <line num="30" count="1" type="stmt"/>
        <line num="33" count="1" type="stmt"/>
        <line num="35" count="1" type="stmt"/>
        <line num="36" count="0" type="stmt"/>
        <line num="39" count="1" type="stmt"/>
        <line num="40" count="0" type="stmt"/>
        <line num="43" count="1" type="stmt"/>
        <line num="44" count="0" type="stmt"/>
        <line num="47" count="1" type="stmt"/>
        <line num="48" count="0" type="stmt"/>
        <line num="51" count="1" type="stmt"/>
        <line num="52" count="0" type="stmt"/>
        <line num="56" count="1" type="stmt"/>
      </file>
    </package>
    <package name="db.models">
      <metrics statements="4" coveredstatements="4" conditionals="0" coveredconditionals="0" methods="0" coveredmethods="0"/>
      <file name="Employee.js" path="C:\Users\Daniel\Documents\Job\מטלות\Montara\db\models\Employee.js">
        <metrics statements="4" coveredstatements="4" conditionals="0" coveredconditionals="0" methods="0" coveredmethods="0"/>
        <line num="1" count="1" type="stmt"/>
        <line num="3" count="1" type="stmt"/>
        <line num="30" count="1" type="stmt"/>
        <line num="32" count="1" type="stmt"/>
      </file>
    </package>
  </project>
</coverage>
