{"C:\\Users\\Daniel\\Documents\\Job\\מטלות\\Montara\\config\\config.js": {"path":"C:\\Users\\Daniel\\Documents\\Job\\מטלות\\Montara\\config\\config.js","statementMap":{"0":{"start":{"line":1,"column":0},"end":{"line":1,"column":26}},"1":{"start":{"line":3,"column":0},"end":{"line":17,"column":1}}},"fnMap":{},"branchMap":{},"s":{"0":1,"1":1},"f":{},"b":{},"_coverageSchema":"1a1c01bbd47fc00a2c39e90264f33305004495a9","hash":"94b9292bdb2622dca84f33dd36b2fcbde150d0c4"}
,"C:\\Users\\Daniel\\Documents\\Job\\מטלות\\Montara\\core\\employees.js": {"path":"C:\\Users\\Daniel\\Documents\\Job\\מטלות\\Montara\\core\\employees.js","statementMap":{"0":{"start":{"line":5,"column":22},"end":{"line":5,"column":54}},"1":{"start":{"line":7,"column":23},"end":{"line":9,"column":1}},"2":{"start":{"line":8,"column":4},"end":{"line":8,"column":78}},"3":{"start":{"line":11,"column":20},"end":{"line":13,"column":1}},"4":{"start":{"line":12,"column":4},"end":{"line":12,"column":51}},"5":{"start":{"line":15,"column":23},"end":{"line":17,"column":1}},"6":{"start":{"line":16,"column":4},"end":{"line":16,"column":69}},"7":{"start":{"line":19,"column":23},"end":{"line":21,"column":1}},"8":{"start":{"line":20,"column":4},"end":{"line":20,"column":65}},"9":{"start":{"line":23,"column":0},"end":{"line":28,"column":1}}},"fnMap":{"0":{"name":"(anonymous_0)","decl":{"start":{"line":7,"column":23},"end":{"line":7,"column":24}},"loc":{"start":{"line":7,"column":73},"end":{"line":9,"column":1}},"line":7},"1":{"name":"(anonymous_1)","decl":{"start":{"line":11,"column":20},"end":{"line":11,"column":21}},"loc":{"start":{"line":11,"column":40},"end":{"line":13,"column":1}},"line":11},"2":{"name":"(anonymous_2)","decl":{"start":{"line":15,"column":23},"end":{"line":15,"column":24}},"loc":{"start":{"line":15,"column":43},"end":{"line":17,"column":1}},"line":15},"3":{"name":"(anonymous_3)","decl":{"start":{"line":19,"column":23},"end":{"line":19,"column":24}},"loc":{"start":{"line":19,"column":49},"end":{"line":21,"column":1}},"line":19}},"branchMap":{},"s":{"0":1,"1":1,"2":4,"3":1,"4":2,"5":1,"6":1,"7":1,"8":2,"9":1},"f":{"0":4,"1":2,"2":1,"3":2},"b":{},"_coverageSchema":"1a1c01bbd47fc00a2c39e90264f33305004495a9","hash":"d46e7542d775382469d2bfa0fc73bb9df664f470"}
,"C:\\Users\\Daniel\\Documents\\Job\\מטלות\\Montara\\db\\index.js": {"path":"C:\\Users\\Daniel\\Documents\\Job\\מטלות\\Montara\\db\\index.js","statementMap":{"0":{"start":{"line":1,"column":17},"end":{"line":1,"column":36}},"1":{"start":{"line":2,"column":13},"end":{"line":2,"column":28}},"2":{"start":{"line":4,"column":15},"end":{"line":4,"column":51}},"3":{"start":{"line":5,"column":30},"end":{"line":5,"column":56}},"4":{"start":{"line":7,"column":17},"end":{"line":7,"column":111}},"5":{"start":{"line":9,"column":16},"end":{"line":19,"column":1}},"6":{"start":{"line":21,"column":9},"end":{"line":21,"column":13}},"7":{"start":{"line":23,"column":0},"end":{"line":58,"column":1}},"8":{"start":{"line":25,"column":8},"end":{"line":31,"column":11}},"9":{"start":{"line":26,"column":12},"end":{"line":28,"column":13}},"10":{"start":{"line":27,"column":16},"end":{"line":27,"column":79}},"11":{"start":{"line":30,"column":12},"end":{"line":30,"column":62}},"12":{"start":{"line":33,"column":8},"end":{"line":33,"column":33}},"13":{"start":{"line":35,"column":8},"end":{"line":37,"column":11}},"14":{"start":{"line":36,"column":12},"end":{"line":36,"column":62}},"15":{"start":{"line":39,"column":8},"end":{"line":41,"column":11}},"16":{"start":{"line":40,"column":12},"end":{"line":40,"column":73}},"17":{"start":{"line":43,"column":8},"end":{"line":45,"column":11}},"18":{"start":{"line":44,"column":12},"end":{"line":44,"column":73}},"19":{"start":{"line":47,"column":8},"end":{"line":49,"column":11}},"20":{"start":{"line":48,"column":12},"end":{"line":48,"column":64}},"21":{"start":{"line":51,"column":8},"end":{"line":53,"column":11}},"22":{"start":{"line":52,"column":12},"end":{"line":52,"column":143}},"23":{"start":{"line":56,"column":8},"end":{"line":56,"column":19}}},"fnMap":{"0":{"name":"(anonymous_0)","decl":{"start":{"line":24,"column":13},"end":{"line":24,"column":14}},"loc":{"start":{"line":24,"column":25},"end":{"line":54,"column":5}},"line":24},"1":{"name":"(anonymous_1)","decl":{"start":{"line":25,"column":50},"end":{"line":25,"column":51}},"loc":{"start":{"line":25,"column":59},"end":{"line":31,"column":9}},"line":25},"2":{"name":"(anonymous_2)","decl":{"start":{"line":35,"column":27},"end":{"line":35,"column":28}},"loc":{"start":{"line":35,"column":33},"end":{"line":37,"column":9}},"line":35},"3":{"name":"(anonymous_3)","decl":{"start":{"line":39,"column":23},"end":{"line":39,"column":24}},"loc":{"start":{"line":39,"column":28},"end":{"line":41,"column":9}},"line":39},"4":{"name":"(anonymous_4)","decl":{"start":{"line":43,"column":30},"end":{"line":43,"column":31}},"loc":{"start":{"line":43,"column":35},"end":{"line":45,"column":9}},"line":43},"5":{"name":"(anonymous_5)","decl":{"start":{"line":47,"column":29},"end":{"line":47,"column":30}},"loc":{"start":{"line":47,"column":35},"end":{"line":49,"column":9}},"line":47},"6":{"name":"(anonymous_6)","decl":{"start":{"line":51,"column":33},"end":{"line":51,"column":34}},"loc":{"start":{"line":51,"column":38},"end":{"line":53,"column":9}},"line":51},"7":{"name":"(anonymous_7)","decl":{"start":{"line":55,"column":16},"end":{"line":55,"column":17}},"loc":{"start":{"line":55,"column":28},"end":{"line":57,"column":5}},"line":55}},"branchMap":{"0":{"loc":{"start":{"line":26,"column":12},"end":{"line":28,"column":13}},"type":"if","locations":[{"start":{"line":26,"column":12},"end":{"line":28,"column":13}},{"start":{"line":26,"column":12},"end":{"line":28,"column":13}}],"line":26}},"s":{"0":1,"1":1,"2":1,"3":1,"4":1,"5":1,"6":1,"7":1,"8":1,"9":1,"10":0,"11":1,"12":1,"13":1,"14":0,"15":1,"16":0,"17":1,"18":0,"19":1,"20":0,"21":1,"22":0,"23":1},"f":{"0":1,"1":1,"2":0,"3":0,"4":0,"5":0,"6":0,"7":1},"b":{"0":[0,1]},"_coverageSchema":"1a1c01bbd47fc00a2c39e90264f33305004495a9","hash":"e9ee0e4139cb248b6bf1b3dd069ab0c125145835"}
,"C:\\Users\\Daniel\\Documents\\Job\\מטלות\\Montara\\db\\models\\Employee.js": {"path":"C:\\Users\\Daniel\\Documents\\Job\\מטלות\\Montara\\db\\models\\Employee.js","statementMap":{"0":{"start":{"line":1,"column":17},"end":{"line":1,"column":36}},"1":{"start":{"line":3,"column":23},"end":{"line":32,"column":22}},"2":{"start":{"line":34,"column":17},"end":{"line":34,"column":59}},"3":{"start":{"line":36,"column":0},"end":{"line":36,"column":26}}},"fnMap":{},"branchMap":{},"s":{"0":1,"1":1,"2":1,"3":1},"f":{},"b":{},"_coverageSchema":"1a1c01bbd47fc00a2c39e90264f33305004495a9","hash":"54715c07c4cf052464f55ab807699a5c0b487fe9"}
,"C:\\Users\\Daniel\\Documents\\Job\\מטלות\\Montara\\utils\\logger.js": {"path":"C:\\Users\\Daniel\\Documents\\Job\\מטלות\\Montara\\utils\\logger.js","statementMap":{"0":{"start":{"line":1,"column":45},"end":{"line":1,"column":63}},"1":{"start":{"line":2,"column":15},"end":{"line":2,"column":32}},"2":{"start":{"line":3,"column":21},"end":{"line":3,"column":46}},"3":{"start":{"line":5,"column":13},"end":{"line":5,"column":17}},"4":{"start":{"line":7,"column":18},"end":{"line":13,"column":1}},"5":{"start":{"line":15,"column":29},"end":{"line":25,"column":1}},"6":{"start":{"line":16,"column":2},"end":{"line":24,"column":4}},"7":{"start":{"line":27,"column":32},"end":{"line":34,"column":1}},"8":{"start":{"line":28,"column":2},"end":{"line":33,"column":4}},"9":{"start":{"line":36,"column":28},"end":{"line":56,"column":1}},"10":{"start":{"line":37,"column":2},"end":{"line":39,"column":5}},"11":{"start":{"line":38,"column":4},"end":{"line":38,"column":23}},"12":{"start":{"line":41,"column":2},"end":{"line":43,"column":5}},"13":{"start":{"line":42,"column":4},"end":{"line":42,"column":22}},"14":{"start":{"line":45,"column":2},"end":{"line":47,"column":5}},"15":{"start":{"line":46,"column":4},"end":{"line":46,"column":22}},"16":{"start":{"line":49,"column":2},"end":{"line":51,"column":5}},"17":{"start":{"line":50,"column":4},"end":{"line":50,"column":23}},"18":{"start":{"line":53,"column":2},"end":{"line":55,"column":5}},"19":{"start":{"line":54,"column":4},"end":{"line":54,"column":22}},"20":{"start":{"line":58,"column":0},"end":{"line":60,"column":2}},"21":{"start":{"line":59,"column":2},"end":{"line":59,"column":43}},"22":{"start":{"line":62,"column":0},"end":{"line":64,"column":2}},"23":{"start":{"line":63,"column":2},"end":{"line":63,"column":42}},"24":{"start":{"line":66,"column":0},"end":{"line":68,"column":2}},"25":{"start":{"line":67,"column":2},"end":{"line":67,"column":42}},"26":{"start":{"line":70,"column":0},"end":{"line":72,"column":2}},"27":{"start":{"line":71,"column":2},"end":{"line":71,"column":43}},"28":{"start":{"line":74,"column":0},"end":{"line":76,"column":2}},"29":{"start":{"line":75,"column":2},"end":{"line":75,"column":46}},"30":{"start":{"line":78,"column":0},"end":{"line":98,"column":2}},"31":{"start":{"line":79,"column":2},"end":{"line":95,"column":3}},"32":{"start":{"line":80,"column":4},"end":{"line":86,"column":7}},"33":{"start":{"line":88,"column":4},"end":{"line":92,"column":6}},"34":{"start":{"line":90,"column":8},"end":{"line":90,"column":61}},"35":{"start":{"line":94,"column":4},"end":{"line":94,"column":32}},"36":{"start":{"line":97,"column":2},"end":{"line":97,"column":16}}},"fnMap":{"0":{"name":"(anonymous_0)","decl":{"start":{"line":15,"column":29},"end":{"line":15,"column":30}},"loc":{"start":{"line":15,"column":39},"end":{"line":25,"column":1}},"line":15},"1":{"name":"(anonymous_1)","decl":{"start":{"line":27,"column":32},"end":{"line":27,"column":33}},"loc":{"start":{"line":27,"column":42},"end":{"line":34,"column":1}},"line":27},"2":{"name":"(anonymous_2)","decl":{"start":{"line":36,"column":28},"end":{"line":36,"column":29}},"loc":{"start":{"line":36,"column":38},"end":{"line":56,"column":1}},"line":36},"3":{"name":"(anonymous_3)","decl":{"start":{"line":37,"column":35},"end":{"line":37,"column":36}},"loc":{"start":{"line":37,"column":43},"end":{"line":39,"column":3}},"line":37},"4":{"name":"(anonymous_4)","decl":{"start":{"line":41,"column":34},"end":{"line":41,"column":35}},"loc":{"start":{"line":41,"column":42},"end":{"line":43,"column":3}},"line":41},"5":{"name":"(anonymous_5)","decl":{"start":{"line":45,"column":34},"end":{"line":45,"column":35}},"loc":{"start":{"line":45,"column":42},"end":{"line":47,"column":3}},"line":45},"6":{"name":"(anonymous_6)","decl":{"start":{"line":49,"column":35},"end":{"line":49,"column":36}},"loc":{"start":{"line":49,"column":43},"end":{"line":51,"column":3}},"line":49},"7":{"name":"(anonymous_7)","decl":{"start":{"line":53,"column":38},"end":{"line":53,"column":39}},"loc":{"start":{"line":53,"column":46},"end":{"line":55,"column":3}},"line":53},"8":{"name":"(anonymous_8)","decl":{"start":{"line":58,"column":23},"end":{"line":58,"column":24}},"loc":{"start":{"line":58,"column":31},"end":{"line":60,"column":1}},"line":58},"9":{"name":"(anonymous_9)","decl":{"start":{"line":62,"column":22},"end":{"line":62,"column":23}},"loc":{"start":{"line":62,"column":30},"end":{"line":64,"column":1}},"line":62},"10":{"name":"(anonymous_10)","decl":{"start":{"line":66,"column":22},"end":{"line":66,"column":23}},"loc":{"start":{"line":66,"column":30},"end":{"line":68,"column":1}},"line":66},"11":{"name":"(anonymous_11)","decl":{"start":{"line":70,"column":23},"end":{"line":70,"column":24}},"loc":{"start":{"line":70,"column":31},"end":{"line":72,"column":1}},"line":70},"12":{"name":"(anonymous_12)","decl":{"start":{"line":74,"column":26},"end":{"line":74,"column":27}},"loc":{"start":{"line":74,"column":34},"end":{"line":76,"column":1}},"line":74},"13":{"name":"(anonymous_13)","decl":{"start":{"line":78,"column":27},"end":{"line":78,"column":28}},"loc":{"start":{"line":78,"column":37},"end":{"line":98,"column":1}},"line":78},"14":{"name":"(anonymous_14)","decl":{"start":{"line":89,"column":13},"end":{"line":89,"column":14}},"loc":{"start":{"line":89,"column":36},"end":{"line":91,"column":7}},"line":89}},"branchMap":{"0":{"loc":{"start":{"line":79,"column":2},"end":{"line":95,"column":3}},"type":"if","locations":[{"start":{"line":79,"column":2},"end":{"line":95,"column":3}},{"start":{"line":79,"column":2},"end":{"line":95,"column":3}}],"line":79}},"s":{"0":1,"1":1,"2":1,"3":1,"4":1,"5":1,"6":0,"7":1,"8":0,"9":1,"10":0,"11":0,"12":0,"13":0,"14":0,"15":0,"16":0,"17":0,"18":0,"19":0,"20":1,"21":0,"22":1,"23":1,"24":1,"25":0,"26":1,"27":0,"28":1,"29":0,"30":1,"31":0,"32":0,"33":0,"34":0,"35":0,"36":0},"f":{"0":0,"1":0,"2":0,"3":0,"4":0,"5":0,"6":0,"7":0,"8":0,"9":1,"10":0,"11":0,"12":0,"13":0,"14":0},"b":{"0":[0,0]},"_coverageSchema":"1a1c01bbd47fc00a2c39e90264f33305004495a9","hash":"52920efffc9bbd6d7a4ab92cf07f9b321ae35d75"}
}
