{"C:\\Users\\Daniel\\Documents\\Job\\מטלות\\Montara\\db\\index.js": {"path":"C:\\Users\\Daniel\\Documents\\Job\\מטלות\\Montara\\db\\index.js","statementMap":{"0":{"start":{"line":1,"column":17},"end":{"line":1,"column":36}},"1":{"start":{"line":2,"column":13},"end":{"line":2,"column":28}},"2":{"start":{"line":4,"column":15},"end":{"line":4,"column":51}},"3":{"start":{"line":5,"column":30},"end":{"line":5,"column":56}},"4":{"start":{"line":7,"column":17},"end":{"line":7,"column":111}},"5":{"start":{"line":9,"column":16},"end":{"line":19,"column":1}},"6":{"start":{"line":21,"column":9},"end":{"line":21,"column":13}},"7":{"start":{"line":23,"column":0},"end":{"line":58,"column":1}},"8":{"start":{"line":25,"column":8},"end":{"line":31,"column":11}},"9":{"start":{"line":26,"column":12},"end":{"line":28,"column":13}},"10":{"start":{"line":27,"column":16},"end":{"line":27,"column":79}},"11":{"start":{"line":30,"column":12},"end":{"line":30,"column":62}},"12":{"start":{"line":33,"column":8},"end":{"line":33,"column":33}},"13":{"start":{"line":35,"column":8},"end":{"line":37,"column":11}},"14":{"start":{"line":36,"column":12},"end":{"line":36,"column":62}},"15":{"start":{"line":39,"column":8},"end":{"line":41,"column":11}},"16":{"start":{"line":40,"column":12},"end":{"line":40,"column":73}},"17":{"start":{"line":43,"column":8},"end":{"line":45,"column":11}},"18":{"start":{"line":44,"column":12},"end":{"line":44,"column":73}},"19":{"start":{"line":47,"column":8},"end":{"line":49,"column":11}},"20":{"start":{"line":48,"column":12},"end":{"line":48,"column":64}},"21":{"start":{"line":51,"column":8},"end":{"line":53,"column":11}},"22":{"start":{"line":52,"column":12},"end":{"line":52,"column":143}},"23":{"start":{"line":56,"column":8},"end":{"line":56,"column":19}}},"fnMap":{"0":{"name":"(anonymous_0)","decl":{"start":{"line":24,"column":13},"end":{"line":24,"column":14}},"loc":{"start":{"line":24,"column":25},"end":{"line":54,"column":5}},"line":24},"1":{"name":"(anonymous_1)","decl":{"start":{"line":25,"column":50},"end":{"line":25,"column":51}},"loc":{"start":{"line":25,"column":59},"end":{"line":31,"column":9}},"line":25},"2":{"name":"(anonymous_2)","decl":{"start":{"line":35,"column":27},"end":{"line":35,"column":28}},"loc":{"start":{"line":35,"column":33},"end":{"line":37,"column":9}},"line":35},"3":{"name":"(anonymous_3)","decl":{"start":{"line":39,"column":23},"end":{"line":39,"column":24}},"loc":{"start":{"line":39,"column":28},"end":{"line":41,"column":9}},"line":39},"4":{"name":"(anonymous_4)","decl":{"start":{"line":43,"column":30},"end":{"line":43,"column":31}},"loc":{"start":{"line":43,"column":35},"end":{"line":45,"column":9}},"line":43},"5":{"name":"(anonymous_5)","decl":{"start":{"line":47,"column":29},"end":{"line":47,"column":30}},"loc":{"start":{"line":47,"column":35},"end":{"line":49,"column":9}},"line":47},"6":{"name":"(anonymous_6)","decl":{"start":{"line":51,"column":33},"end":{"line":51,"column":34}},"loc":{"start":{"line":51,"column":38},"end":{"line":53,"column":9}},"line":51},"7":{"name":"(anonymous_7)","decl":{"start":{"line":55,"column":16},"end":{"line":55,"column":17}},"loc":{"start":{"line":55,"column":28},"end":{"line":57,"column":5}},"line":55}},"branchMap":{"0":{"loc":{"start":{"line":26,"column":12},"end":{"line":28,"column":13}},"type":"if","locations":[{"start":{"line":26,"column":12},"end":{"line":28,"column":13}},{"start":{"line":26,"column":12},"end":{"line":28,"column":13}}],"line":26}},"s":{"0":1,"1":1,"2":1,"3":1,"4":1,"5":1,"6":1,"7":1,"8":1,"9":1,"10":0,"11":1,"12":1,"13":1,"14":0,"15":1,"16":0,"17":1,"18":0,"19":1,"20":0,"21":1,"22":0,"23":1},"f":{"0":1,"1":1,"2":0,"3":0,"4":0,"5":0,"6":0,"7":1},"b":{"0":[0,1]},"_coverageSchema":"1a1c01bbd47fc00a2c39e90264f33305004495a9","hash":"e9ee0e4139cb248b6bf1b3dd069ab0c125145835"}
,"C:\\Users\\Daniel\\Documents\\Job\\מטלות\\Montara\\db\\models\\Employee.js": {"path":"C:\\Users\\Daniel\\Documents\\Job\\מטלות\\Montara\\db\\models\\Employee.js","statementMap":{"0":{"start":{"line":1,"column":17},"end":{"line":1,"column":36}},"1":{"start":{"line":3,"column":23},"end":{"line":28,"column":22}},"2":{"start":{"line":30,"column":17},"end":{"line":30,"column":59}},"3":{"start":{"line":32,"column":0},"end":{"line":32,"column":26}}},"fnMap":{},"branchMap":{},"s":{"0":1,"1":1,"2":1,"3":1},"f":{},"b":{},"_coverageSchema":"1a1c01bbd47fc00a2c39e90264f33305004495a9","hash":"577afc8b5f55ccb8e62961c28b66813884a04703"}
}
